  DoodleGame.cpp
D:\DoodleGame\DoodleGame\DoodleGame.cpp(74,1): warning C4267: 'initializing': conversion from 'size_t' to 'int', possible loss of data
D:\DoodleGame\DoodleGame\DoodleGame.cpp(143,37): warning C4244: '=': conversion from 'int' to 'float', possible loss of data
D:\DoodleGame\DoodleGame\DoodleGame.cpp(144,54): warning C4244: '=': conversion from 'int' to 'float', possible loss of data
D:\DoodleGame\DoodleGame\DoodleGame.cpp(200,1): warning C4267: 'initializing': conversion from 'size_t' to 'int', possible loss of data
D:\DoodleGame\DoodleGame\DoodleGame.cpp(261,37): warning C4244: 'argument': conversion from 'float' to 'int', possible loss of data
D:\DoodleGame\DoodleGame\DoodleGame.cpp(261,27): warning C4244: 'argument': conversion from 'float' to 'int', possible loss of data
D:\DoodleGame\DoodleGame\DoodleGame.cpp(293,56): warning C4244: 'argument': conversion from 'float' to 'int', possible loss of data
D:\DoodleGame\DoodleGame\DoodleGame.cpp(293,39): warning C4244: 'argument': conversion from 'float' to 'int', possible loss of data
D:\DoodleGame\DoodleGame\DoodleGame.cpp(377,34): warning C4244: '=': conversion from 'int' to 'float', possible loss of data
D:\DoodleGame\DoodleGame\DoodleGame.cpp(381,24): warning C4244: '=': conversion from 'int' to 'float', possible loss of data
D:\DoodleGame\DoodleGame\DoodleGame.cpp(432,13): warning C4244: 'initializing': conversion from 'float' to 'int', possible loss of data
D:\DoodleGame\DoodleGame\DoodleGame.cpp(435,17): warning C4244: '=': conversion from 'int' to 'float', possible loss of data
D:\DoodleGame\DoodleGame\DoodleGame.cpp(439,19): warning C4244: '=': conversion from 'int' to 'float', possible loss of data
D:\DoodleGame\DoodleGame\DoodleGame.cpp(450,39): warning C4244: 'argument': conversion from 'float' to 'int', possible loss of data
D:\DoodleGame\DoodleGame\DoodleGame.cpp(450,14): warning C4244: 'argument': conversion from 'float' to 'int', possible loss of data
D:\DoodleGame\DoodleGame\DoodleGame.cpp(464,18): warning C4244: 'initializing': conversion from 'float' to 'int', possible loss of data
D:\DoodleGame\DoodleGame\DoodleGame.cpp(465,18): warning C4244: 'initializing': conversion from 'float' to 'int', possible loss of data
D:\DoodleGame\DoodleGame\DoodleGame.cpp(472,18): warning C4244: 'initializing': conversion from 'double' to 'int', possible loss of data
D:\DoodleGame\DoodleGame\DoodleGame.cpp(477,26): warning C4244: 'initializing': conversion from 'int' to 'float', possible loss of data
D:\DoodleGame\DoodleGame\DoodleGame.cpp(478,26): warning C4244: 'initializing': conversion from 'int' to 'float', possible loss of data
D:\DoodleGame\DoodleGame\DoodleGame.cpp(509,31): warning C4244: 'argument': conversion from 'float' to 'int', possible loss of data
D:\DoodleGame\DoodleGame\DoodleGame.cpp(509,14): warning C4244: 'argument': conversion from 'float' to 'int', possible loss of data
D:\DoodleGame\DoodleGame\DoodleGame.cpp(606,27): warning C4244: 'argument': conversion from 'float' to 'int', possible loss of data
D:\DoodleGame\DoodleGame\DoodleGame.cpp(606,7): warning C4244: 'argument': conversion from 'float' to 'int', possible loss of data
D:\DoodleGame\DoodleGame\DoodleGame.cpp(636,39): warning C4244: 'argument': conversion from 'float' to 'int', possible loss of data
D:\DoodleGame\DoodleGame\DoodleGame.cpp(636,14): warning C4244: 'argument': conversion from 'float' to 'int', possible loss of data
D:\DoodleGame\DoodleGame\DoodleGame.cpp(651,31): warning C4244: 'argument': conversion from 'float' to 'int', possible loss of data
D:\DoodleGame\DoodleGame\DoodleGame.cpp(651,14): warning C4244: 'argument': conversion from 'float' to 'int', possible loss of data
  DoodleGame.vcxproj -> D:\DoodleGame\x64\Debug\DoodleGame.exe
