  DoodleGame.cpp
D:\DoodleGame\DoodleGame\DoodleGame.cpp(77,1): warning C4267: 'initializing': conversion from 'size_t' to 'int', possible loss of data
D:\DoodleGame\DoodleGame\DoodleGame.cpp(160,39): warning C4244: '=': conversion from 'int' to 'float', possible loss of data
D:\DoodleGame\DoodleGame\DoodleGame.cpp(161,57): warning C4244: '=': conversion from 'int' to 'float', possible loss of data
D:\DoodleGame\DoodleGame\DoodleGame.cpp(217,1): warning C4267: 'initializing': conversion from 'size_t' to 'int', possible loss of data
D:\DoodleGame\DoodleGame\DoodleGame.cpp(278,37): warning C4244: 'argument': conversion from 'float' to 'int', possible loss of data
D:\DoodleGame\DoodleGame\DoodleGame.cpp(278,27): warning C4244: 'argument': conversion from 'float' to 'int', possible loss of data
D:\DoodleGame\DoodleGame\DoodleGame.cpp(310,59): warning C4244: 'argument': conversion from 'float' to 'int', possible loss of data
D:\DoodleGame\DoodleGame\DoodleGame.cpp(310,41): warning C4244: 'argument': conversion from 'float' to 'int', possible loss of data
D:\DoodleGame\DoodleGame\DoodleGame.cpp(399,36): warning C4244: '=': conversion from 'int' to 'float', possible loss of data
D:\DoodleGame\DoodleGame\DoodleGame.cpp(403,25): warning C4244: '=': conversion from 'int' to 'float', possible loss of data
D:\DoodleGame\DoodleGame\DoodleGame.cpp(482,13): warning C4244: 'initializing': conversion from 'float' to 'int', possible loss of data
D:\DoodleGame\DoodleGame\DoodleGame.cpp(485,17): warning C4244: '=': conversion from 'int' to 'float', possible loss of data
D:\DoodleGame\DoodleGame\DoodleGame.cpp(489,19): warning C4244: '=': conversion from 'int' to 'float', possible loss of data
D:\DoodleGame\DoodleGame\DoodleGame.cpp(500,41): warning C4244: 'argument': conversion from 'float' to 'int', possible loss of data
D:\DoodleGame\DoodleGame\DoodleGame.cpp(500,15): warning C4244: 'argument': conversion from 'float' to 'int', possible loss of data
D:\DoodleGame\DoodleGame\DoodleGame.cpp(518,18): warning C4244: 'initializing': conversion from 'float' to 'int', possible loss of data
D:\DoodleGame\DoodleGame\DoodleGame.cpp(519,18): warning C4244: 'initializing': conversion from 'float' to 'int', possible loss of data
D:\DoodleGame\DoodleGame\DoodleGame.cpp(526,20): warning C4244: 'initializing': conversion from 'double' to 'float', possible loss of data
D:\DoodleGame\DoodleGame\DoodleGame.cpp(527,15): warning C4244: 'initializing': conversion from 'float' to 'int', possible loss of data
D:\DoodleGame\DoodleGame\DoodleGame.cpp(530,16): warning C4244: 'initializing': conversion from 'float' to 'int', possible loss of data
D:\DoodleGame\DoodleGame\DoodleGame.cpp(551,33): warning C4244: 'argument': conversion from 'float' to 'int', possible loss of data
D:\DoodleGame\DoodleGame\DoodleGame.cpp(551,15): warning C4244: 'argument': conversion from 'float' to 'int', possible loss of data
D:\DoodleGame\DoodleGame\DoodleGame.cpp(748,28): warning C4244: 'argument': conversion from 'float' to 'int', possible loss of data
D:\DoodleGame\DoodleGame\DoodleGame.cpp(748,7): warning C4244: 'argument': conversion from 'float' to 'int', possible loss of data
D:\DoodleGame\DoodleGame\DoodleGame.cpp(778,41): warning C4244: 'argument': conversion from 'float' to 'int', possible loss of data
D:\DoodleGame\DoodleGame\DoodleGame.cpp(778,15): warning C4244: 'argument': conversion from 'float' to 'int', possible loss of data
D:\DoodleGame\DoodleGame\DoodleGame.cpp(793,33): warning C4244: 'argument': conversion from 'float' to 'int', possible loss of data
D:\DoodleGame\DoodleGame\DoodleGame.cpp(793,15): warning C4244: 'argument': conversion from 'float' to 'int', possible loss of data
  Generating code
  24 of 967 functions ( 2.5%) were compiled, the rest were copied from previous compilation.
    0 functions were new in current compilation
    8 functions had inline decision re-evaluated but remain unchanged
  Finished generating code
  DoodleGame.vcxproj -> D:\DoodleGame\x64\Release\DoodleGame.exe
